<?xml version="1.0" encoding="UTF-8"?>
<testng-results skipped="0" failed="0" total="1" passed="1">
  <reporter-output>
  </reporter-output>
  <suite name="Default suite" duration-ms="20" started-at="2015-12-16T14:22:59Z" finished-at="2015-12-16T14:22:59Z">
    <groups>
    </groups>
    <test name="Default test" duration-ms="20" started-at="2015-12-16T14:22:59Z" finished-at="2015-12-16T14:22:59Z">
      <class name="com.txt.Readtxt">
        <test-method status="PASS" signature="f()[pri:0, instance:com.txt.Readtxt@71e7a66b]" name="f" duration-ms="10" started-at="2015-12-16T19:52:59Z" finished-at="2015-12-16T19:52:59Z">
          <reporter-output>
          </reporter-output>
        </test-method> <!-- f -->
      </class> <!-- com.txt.Readtxt -->
    </test> <!-- Default test -->
  </suite> <!-- Default suite -->
</testng-results>
